313984 execve("./cub3D", ["./cub3D", "map/map.cub"], 0x7ffe928d8300 /* 71 vars */) = 0
313984 brk(NULL)                        = 0x1431b000
313984 arch_prctl(0x3001 /* ARCH_??? */, 0x7ffe224338c0) = -1 EINVAL (Invalid argument)
313984 mmap(NULL, 8192, PROT_READ|PROT_WRITE, MAP_PRIVATE|MAP_ANONYMOUS, -1, 0) = 0x741fcf3e3000
313984 access("/etc/ld.so.preload", R_OK) = -1 ENOENT (No such file or directory)
313984 openat(AT_FDCWD, "/etc/ld.so.cache", O_RDONLY|O_CLOEXEC) = 3
313984 newfstatat(3, "", {st_mode=S_IFREG|0644, st_size=103112, ...}, AT_EMPTY_PATH) = 0
313984 mmap(NULL, 103112, PROT_READ, MAP_PRIVATE, 3, 0) = 0x741fcf3c9000
313984 close(3)                         = 0
313984 openat(AT_FDCWD, "/lib/x86_64-linux-gnu/libX11.so.6", O_RDONLY|O_CLOEXEC) = 3
313984 read(3, "\177ELF\2\1\1\0\0\0\0\0\0\0\0\0\3\0>\0\1\0\0\0\0\0\0\0\0\0\0\0"..., 832) = 832
313984 newfstatat(3, "", {st_mode=S_IFREG|0644, st_size=1306280, ...}, AT_EMPTY_PATH) = 0
313984 mmap(NULL, 1310000, PROT_READ, MAP_PRIVATE|MAP_DENYWRITE, 3, 0) = 0x741fcf289000
313984 mprotect(0x741fcf2a2000, 1187840, PROT_NONE) = 0
313984 mmap(0x741fcf2a2000, 573440, PROT_READ|PROT_EXEC, MAP_PRIVATE|MAP_FIXED|MAP_DENYWRITE, 3, 0x19000) = 0x741fcf2a2000
313984 mmap(0x741fcf32e000, 610304, PROT_READ, MAP_PRIVATE|MAP_FIXED|MAP_DENYWRITE, 3, 0xa5000) = 0x741fcf32e000
313984 mmap(0x741fcf3c4000, 20480, PROT_READ|PROT_WRITE, MAP_PRIVATE|MAP_FIXED|MAP_DENYWRITE, 3, 0x13a000) = 0x741fcf3c4000
313984 close(3)                         = 0
313984 openat(AT_FDCWD, "/lib/x86_64-linux-gnu/libXext.so.6", O_RDONLY|O_CLOEXEC) = 3
313984 read(3, "\177ELF\2\1\1\0\0\0\0\0\0\0\0\0\3\0>\0\1\0\0\0\0\0\0\0\0\0\0\0"..., 832) = 832
313984 newfstatat(3, "", {st_mode=S_IFREG|0644, st_size=81640, ...}, AT_EMPTY_PATH) = 0
313984 mmap(NULL, 84192, PROT_READ, MAP_PRIVATE|MAP_DENYWRITE, 3, 0) = 0x741fcf274000
313984 mmap(0x741fcf278000, 45056, PROT_READ|PROT_EXEC, MAP_PRIVATE|MAP_FIXED|MAP_DENYWRITE, 3, 0x4000) = 0x741fcf278000
313984 mmap(0x741fcf283000, 16384, PROT_READ, MAP_PRIVATE|MAP_FIXED|MAP_DENYWRITE, 3, 0xf000) = 0x741fcf283000
313984 mmap(0x741fcf287000, 8192, PROT_READ|PROT_WRITE, MAP_PRIVATE|MAP_FIXED|MAP_DENYWRITE, 3, 0x12000) = 0x741fcf287000
313984 close(3)                         = 0
313984 openat(AT_FDCWD, "/lib/x86_64-linux-gnu/libc.so.6", O_RDONLY|O_CLOEXEC) = 3
313984 read(3, "\177ELF\2\1\1\3\0\0\0\0\0\0\0\0\3\0>\0\1\0\0\0P\237\2\0\0\0\0\0"..., 832) = 832
313984 pread64(3, "\6\0\0\0\4\0\0\0@\0\0\0\0\0\0\0@\0\0\0\0\0\0\0@\0\0\0\0\0\0\0"..., 784, 64) = 784
313984 pread64(3, "\4\0\0\0 \0\0\0\5\0\0\0GNU\0\2\0\0\300\4\0\0\0\3\0\0\0\0\0\0\0"..., 48, 848) = 48
313984 pread64(3, "\4\0\0\0\24\0\0\0\3\0\0\0GNU\0O{\f\225\\=\201\327\312\301P\32$\230\266\235"..., 68, 896) = 68
313984 newfstatat(3, "", {st_mode=S_IFREG|0755, st_size=2220400, ...}, AT_EMPTY_PATH) = 0
313984 pread64(3, "\6\0\0\0\4\0\0\0@\0\0\0\0\0\0\0@\0\0\0\0\0\0\0@\0\0\0\0\0\0\0"..., 784, 64) = 784
313984 mmap(NULL, 2264656, PROT_READ, MAP_PRIVATE|MAP_DENYWRITE, 3, 0) = 0x741fcf000000
313984 mprotect(0x741fcf028000, 2023424, PROT_NONE) = 0
313984 mmap(0x741fcf028000, 1658880, PROT_READ|PROT_EXEC, MAP_PRIVATE|MAP_FIXED|MAP_DENYWRITE, 3, 0x28000) = 0x741fcf028000
313984 mmap(0x741fcf1bd000, 360448, PROT_READ, MAP_PRIVATE|MAP_FIXED|MAP_DENYWRITE, 3, 0x1bd000) = 0x741fcf1bd000
313984 mmap(0x741fcf216000, 24576, PROT_READ|PROT_WRITE, MAP_PRIVATE|MAP_FIXED|MAP_DENYWRITE, 3, 0x215000) = 0x741fcf216000
313984 mmap(0x741fcf21c000, 52816, PROT_READ|PROT_WRITE, MAP_PRIVATE|MAP_FIXED|MAP_ANONYMOUS, -1, 0) = 0x741fcf21c000
313984 close(3)                         = 0
313984 openat(AT_FDCWD, "/lib/x86_64-linux-gnu/libxcb.so.1", O_RDONLY|O_CLOEXEC) = 3
313984 read(3, "\177ELF\2\1\1\0\0\0\0\0\0\0\0\0\3\0>\0\1\0\0\0\0\0\0\0\0\0\0\0"..., 832) = 832
313984 newfstatat(3, "", {st_mode=S_IFREG|0644, st_size=166504, ...}, AT_EMPTY_PATH) = 0
313984 mmap(NULL, 168584, PROT_READ, MAP_PRIVATE|MAP_DENYWRITE, 3, 0) = 0x741fcf24a000
313984 mmap(0x741fcf255000, 81920, PROT_READ|PROT_EXEC, MAP_PRIVATE|MAP_FIXED|MAP_DENYWRITE, 3, 0xb000) = 0x741fcf255000
313984 mmap(0x741fcf269000, 36864, PROT_READ, MAP_PRIVATE|MAP_FIXED|MAP_DENYWRITE, 3, 0x1f000) = 0x741fcf269000
313984 mmap(0x741fcf272000, 8192, PROT_READ|PROT_WRITE, MAP_PRIVATE|MAP_FIXED|MAP_DENYWRITE, 3, 0x27000) = 0x741fcf272000
313984 close(3)                         = 0
313984 openat(AT_FDCWD, "/lib/x86_64-linux-gnu/libXau.so.6", O_RDONLY|O_CLOEXEC) = 3
313984 read(3, "\177ELF\2\1\1\0\0\0\0\0\0\0\0\0\3\0>\0\1\0\0\0\0\0\0\0\0\0\0\0"..., 832) = 832
313984 newfstatat(3, "", {st_mode=S_IFREG|0644, st_size=18720, ...}, AT_EMPTY_PATH) = 0
313984 mmap(NULL, 20744, PROT_READ, MAP_PRIVATE|MAP_DENYWRITE, 3, 0) = 0x741fcf244000
313984 mmap(0x741fcf245000, 8192, PROT_READ|PROT_EXEC, MAP_PRIVATE|MAP_FIXED|MAP_DENYWRITE, 3, 0x1000) = 0x741fcf245000
313984 mmap(0x741fcf247000, 4096, PROT_READ, MAP_PRIVATE|MAP_FIXED|MAP_DENYWRITE, 3, 0x3000) = 0x741fcf247000
313984 mmap(0x741fcf248000, 8192, PROT_READ|PROT_WRITE, MAP_PRIVATE|MAP_FIXED|MAP_DENYWRITE, 3, 0x3000) = 0x741fcf248000
313984 close(3)                         = 0
313984 openat(AT_FDCWD, "/lib/x86_64-linux-gnu/libXdmcp.so.6", O_RDONLY|O_CLOEXEC) = 3
313984 read(3, "\177ELF\2\1\1\0\0\0\0\0\0\0\0\0\3\0>\0\1\0\0\0\0\0\0\0\0\0\0\0"..., 832) = 832
313984 newfstatat(3, "", {st_mode=S_IFREG|0644, st_size=26800, ...}, AT_EMPTY_PATH) = 0
313984 mmap(NULL, 8192, PROT_READ|PROT_WRITE, MAP_PRIVATE|MAP_ANONYMOUS, -1, 0) = 0x741fcf242000
313984 mmap(NULL, 28800, PROT_READ, MAP_PRIVATE|MAP_DENYWRITE, 3, 0) = 0x741fcf23a000
313984 mmap(0x741fcf23c000, 8192, PROT_READ|PROT_EXEC, MAP_PRIVATE|MAP_FIXED|MAP_DENYWRITE, 3, 0x2000) = 0x741fcf23c000
313984 mmap(0x741fcf23e000, 8192, PROT_READ, MAP_PRIVATE|MAP_FIXED|MAP_DENYWRITE, 3, 0x4000) = 0x741fcf23e000
313984 mmap(0x741fcf240000, 8192, PROT_READ|PROT_WRITE, MAP_PRIVATE|MAP_FIXED|MAP_DENYWRITE, 3, 0x5000) = 0x741fcf240000
313984 close(3)                         = 0
313984 openat(AT_FDCWD, "/lib/x86_64-linux-gnu/libbsd.so.0", O_RDONLY|O_CLOEXEC) = 3
313984 read(3, "\177ELF\2\1\1\0\0\0\0\0\0\0\0\0\3\0>\0\1\0\0\0\0\0\0\0\0\0\0\0"..., 832) = 832
313984 newfstatat(3, "", {st_mode=S_IFREG|0644, st_size=89096, ...}, AT_EMPTY_PATH) = 0
313984 mmap(NULL, 94432, PROT_READ, MAP_PRIVATE|MAP_DENYWRITE, 3, 0) = 0x741fcefe8000
313984 mprotect(0x741fcefec000, 69632, PROT_NONE) = 0
313984 mmap(0x741fcefec000, 53248, PROT_READ|PROT_EXEC, MAP_PRIVATE|MAP_FIXED|MAP_DENYWRITE, 3, 0x4000) = 0x741fcefec000
313984 mmap(0x741fceff9000, 12288, PROT_READ, MAP_PRIVATE|MAP_FIXED|MAP_DENYWRITE, 3, 0x11000) = 0x741fceff9000
313984 mmap(0x741fceffd000, 8192, PROT_READ|PROT_WRITE, MAP_PRIVATE|MAP_FIXED|MAP_DENYWRITE, 3, 0x14000) = 0x741fceffd000
313984 mmap(0x741fcefff000, 224, PROT_READ|PROT_WRITE, MAP_PRIVATE|MAP_FIXED|MAP_ANONYMOUS, -1, 0) = 0x741fcefff000
313984 close(3)                         = 0
313984 openat(AT_FDCWD, "/lib/x86_64-linux-gnu/libmd.so.0", O_RDONLY|O_CLOEXEC) = 3
313984 read(3, "\177ELF\2\1\1\0\0\0\0\0\0\0\0\0\3\0>\0\1\0\0\0\0\0\0\0\0\0\0\0"..., 832) = 832
313984 newfstatat(3, "", {st_mode=S_IFREG|0644, st_size=47472, ...}, AT_EMPTY_PATH) = 0
313984 mmap(NULL, 49384, PROT_READ, MAP_PRIVATE|MAP_DENYWRITE, 3, 0) = 0x741fcf22d000
313984 mmap(0x741fcf22f000, 28672, PROT_READ|PROT_EXEC, MAP_PRIVATE|MAP_FIXED|MAP_DENYWRITE, 3, 0x2000) = 0x741fcf22f000
313984 mmap(0x741fcf236000, 8192, PROT_READ, MAP_PRIVATE|MAP_FIXED|MAP_DENYWRITE, 3, 0x9000) = 0x741fcf236000
313984 mmap(0x741fcf238000, 8192, PROT_READ|PROT_WRITE, MAP_PRIVATE|MAP_FIXED|MAP_DENYWRITE, 3, 0xa000) = 0x741fcf238000
313984 close(3)                         = 0
313984 mmap(NULL, 8192, PROT_READ|PROT_WRITE, MAP_PRIVATE|MAP_ANONYMOUS, -1, 0) = 0x741fcf22b000
313984 arch_prctl(ARCH_SET_FS, 0x741fcf22bb80) = 0
313984 set_tid_address(0x741fcf22be50)  = 313984
313984 set_robust_list(0x741fcf22be60, 24) = 0
313984 rseq(0x741fcf22c520, 0x20, 0, 0x53053053) = 0
313984 mprotect(0x741fcf216000, 16384, PROT_READ) = 0
313984 mprotect(0x741fcf238000, 4096, PROT_READ) = 0
313984 mprotect(0x741fceffd000, 4096, PROT_READ) = 0
313984 mprotect(0x741fcf240000, 4096, PROT_READ) = 0
313984 mprotect(0x741fcf248000, 4096, PROT_READ) = 0
313984 mprotect(0x741fcf272000, 4096, PROT_READ) = 0
313984 mprotect(0x741fcf3c4000, 4096, PROT_READ) = 0
313984 mprotect(0x741fcf287000, 4096, PROT_READ) = 0
313984 mprotect(0x40d000, 4096, PROT_READ) = 0
313984 mprotect(0x741fcf41d000, 8192, PROT_READ) = 0
313984 prlimit64(0, RLIMIT_STACK, NULL, {rlim_cur=8192*1024, rlim_max=RLIM64_INFINITY}) = 0
313984 munmap(0x741fcf3c9000, 103112)   = 0
313984 openat(AT_FDCWD, "map/map.cub", O_RDONLY|O_DIRECTORY) = -1 ENOTDIR (Not a directory)
313984 openat(AT_FDCWD, "map/map.cub", O_RDONLY) = 3
313984 getrandom("\xae\x11\x88\x76\xad\xd6\x95\xb0", 8, GRND_NONBLOCK) = 8
313984 brk(NULL)                        = 0x1431b000
313984 brk(0x1433c000)                  = 0x1433c000
313984 read(3, "\n", 1)                 = 1
313984 read(3, "\n", 1)                 = 1
313984 read(3, "N", 1)                  = 1
313984 read(3, "O", 1)                  = 1
313984 read(3, " ", 1)                  = 1
313984 read(3, ".", 1)                  = 1
313984 read(3, "/", 1)                  = 1
313984 read(3, "t", 1)                  = 1
313984 read(3, "e", 1)                  = 1
313984 read(3, "x", 1)                  = 1
313984 read(3, "t", 1)                  = 1
313984 read(3, "u", 1)                  = 1
313984 read(3, "r", 1)                  = 1
313984 read(3, "e", 1)                  = 1
313984 read(3, "/", 1)                  = 1
313984 read(3, "n", 1)                  = 1
313984 read(3, "o", 1)                  = 1
313984 read(3, "r", 1)                  = 1
313984 read(3, "d", 1)                  = 1
313984 read(3, "-", 1)                  = 1
313984 read(3, "_", 1)                  = 1
313984 read(3, "1", 1)                  = 1
313984 read(3, "_", 1)                  = 1
313984 read(3, ".", 1)                  = 1
313984 read(3, "x", 1)                  = 1
313984 read(3, "p", 1)                  = 1
313984 read(3, "m", 1)                  = 1
313984 read(3, "\n", 1)                 = 1
313984 read(3, "C", 1)                  = 1
313984 read(3, "\t", 1)                 = 1
313984 read(3, "2", 1)                  = 1
313984 read(3, "2", 1)                  = 1
313984 read(3, "5", 1)                  = 1
313984 read(3, ",", 1)                  = 1
313984 read(3, "3", 1)                  = 1
313984 read(3, "0", 1)                  = 1
313984 read(3, ",", 1)                  = 1
313984 read(3, "3", 1)                  = 1
313984 read(3, "3", 1)                  = 1
313984 read(3, "\n", 1)                 = 1
313984 read(3, "F", 1)                  = 1
313984 read(3, "\t", 1)                 = 1
313984 read(3, "0", 1)                  = 1
313984 read(3, ",", 1)                  = 1
313984 read(3, "1", 1)                  = 1
313984 read(3, "0", 1)                  = 1
313984 read(3, "0", 1)                  = 1
313984 read(3, ",", 1)                  = 1
313984 read(3, "3", 1)                  = 1
313984 read(3, "3", 1)                  = 1
313984 read(3, "\n", 1)                 = 1
313984 read(3, "S", 1)                  = 1
313984 read(3, "O", 1)                  = 1
313984 read(3, " ", 1)                  = 1
313984 read(3, ".", 1)                  = 1
313984 read(3, "/", 1)                  = 1
313984 read(3, "t", 1)                  = 1
313984 read(3, "e", 1)                  = 1
313984 read(3, "x", 1)                  = 1
313984 read(3, "t", 1)                  = 1
313984 read(3, "u", 1)                  = 1
313984 read(3, "r", 1)                  = 1
313984 read(3, "e", 1)                  = 1
313984 read(3, "/", 1)                  = 1
313984 read(3, "s", 1)                  = 1
313984 read(3, "u", 1)                  = 1
313984 read(3, "d", 1)                  = 1
313984 read(3, "-", 1)                  = 1
313984 read(3, "_", 1)                  = 1
313984 read(3, "1", 1)                  = 1
313984 read(3, "_", 1)                  = 1
313984 read(3, ".", 1)                  = 1
313984 read(3, "x", 1)                  = 1
313984 read(3, "p", 1)                  = 1
313984 read(3, "m", 1)                  = 1
313984 read(3, "\n", 1)                 = 1
313984 read(3, "W", 1)                  = 1
313984 read(3, "E", 1)                  = 1
313984 read(3, " ", 1)                  = 1
313984 read(3, ".", 1)                  = 1
313984 read(3, "/", 1)                  = 1
313984 read(3, "t", 1)                  = 1
313984 read(3, "e", 1)                  = 1
313984 read(3, "x", 1)                  = 1
313984 read(3, "t", 1)                  = 1
313984 read(3, "u", 1)                  = 1
313984 read(3, "r", 1)                  = 1
313984 read(3, "e", 1)                  = 1
313984 read(3, "/", 1)                  = 1
313984 read(3, "w", 1)                  = 1
313984 read(3, "e", 1)                  = 1
313984 read(3, "s", 1)                  = 1
313984 read(3, "t", 1)                  = 1
313984 read(3, "-", 1)                  = 1
313984 read(3, "_", 1)                  = 1
313984 read(3, "1", 1)                  = 1
313984 read(3, "_", 1)                  = 1
313984 read(3, ".", 1)                  = 1
313984 read(3, "x", 1)                  = 1
313984 read(3, "p", 1)                  = 1
313984 read(3, "m", 1)                  = 1
313984 read(3, "\n", 1)                 = 1
313984 read(3, "\n", 1)                 = 1
313984 read(3, "\n", 1)                 = 1
313984 read(3, "E", 1)                  = 1
313984 read(3, "A", 1)                  = 1
313984 read(3, " ", 1)                  = 1
313984 read(3, ".", 1)                  = 1
313984 read(3, "/", 1)                  = 1
313984 read(3, "t", 1)                  = 1
313984 read(3, "e", 1)                  = 1
313984 read(3, "x", 1)                  = 1
313984 read(3, "t", 1)                  = 1
313984 read(3, "u", 1)                  = 1
313984 read(3, "r", 1)                  = 1
313984 read(3, "e", 1)                  = 1
313984 read(3, "/", 1)                  = 1
313984 read(3, "e", 1)                  = 1
313984 read(3, "a", 1)                  = 1
313984 read(3, "s", 1)                  = 1
313984 read(3, "t", 1)                  = 1
313984 read(3, "-", 1)                  = 1
313984 read(3, "_", 1)                  = 1
313984 read(3, "1", 1)                  = 1
313984 read(3, "_", 1)                  = 1
313984 read(3, ".", 1)                  = 1
313984 read(3, "x", 1)                  = 1
313984 read(3, "p", 1)                  = 1
313984 read(3, "m", 1)                  = 1
313984 read(3, "\n", 1)                 = 1
313984 read(3, "\n", 1)                 = 1
313984 read(3, "1", 1)                  = 1
313984 read(3, "1", 1)                  = 1
313984 read(3, "1", 1)                  = 1
313984 read(3, "1", 1)                  = 1
313984 read(3, "1", 1)                  = 1
313984 read(3, "1", 1)                  = 1
313984 read(3, "1", 1)                  = 1
313984 read(3, "1", 1)                  = 1
313984 read(3, "1", 1)                  = 1
313984 read(3, "1", 1)                  = 1
313984 read(3, "1", 1)                  = 1
313984 read(3, "1", 1)                  = 1
313984 read(3, "1", 1)                  = 1
313984 read(3, "1", 1)                  = 1
313984 read(3, "1", 1)                  = 1
313984 read(3, "1", 1)                  = 1
313984 read(3, "1", 1)                  = 1
313984 read(3, "1", 1)                  = 1
313984 read(3, "1", 1)                  = 1
313984 read(3, "1", 1)                  = 1
313984 read(3, "1", 1)                  = 1
313984 read(3, "1", 1)                  = 1
313984 read(3, "1", 1)                  = 1
313984 read(3, "1", 1)                  = 1
313984 read(3, "1", 1)                  = 1
313984 read(3, " ", 1)                  = 1
313984 read(3, " ", 1)                  = 1
313984 read(3, " ", 1)                  = 1
313984 read(3, " ", 1)                  = 1
313984 read(3, " ", 1)                  = 1
313984 read(3, " ", 1)                  = 1
313984 read(3, " ", 1)                  = 1
313984 read(3, " ", 1)                  = 1
313984 read(3, " ", 1)                  = 1
313984 read(3, " ", 1)                  = 1
313984 read(3, " ", 1)                  = 1
313984 read(3, " ", 1)                  = 1
313984 read(3, " ", 1)                  = 1
313984 read(3, " ", 1)                  = 1
313984 read(3, " ", 1)                  = 1
313984 read(3, " ", 1)                  = 1
313984 read(3, " ", 1)                  = 1
313984 read(3, " ", 1)                  = 1
313984 read(3, " ", 1)                  = 1
313984 read(3, " ", 1)                  = 1
313984 read(3, " ", 1)                  = 1
313984 read(3, " ", 1)                  = 1
313984 read(3, " ", 1)                  = 1
313984 read(3, "1", 1)                  = 1
313984 read(3, "1", 1)                  = 1
313984 read(3, "1", 1)                  = 1
313984 read(3, "1", 1)                  = 1
313984 read(3, "1", 1)                  = 1
313984 read(3, "1", 1)                  = 1
313984 read(3, "1", 1)                  = 1
313984 read(3, "1", 1)                  = 1
313984 read(3, "1", 1)                  = 1
313984 read(3, "1", 1)                  = 1
313984 read(3, "\n", 1)                 = 1
313984 read(3, "1", 1)                  = 1
313984 read(3, "1", 1)                  = 1
313984 read(3, "1", 1)                  = 1
313984 read(3, "0", 1)                  = 1
313984 read(3, "0", 1)                  = 1
313984 read(3, "0", 1)                  = 1
313984 read(3, "0", 1)                  = 1
313984 read(3, "0", 1)                  = 1
313984 read(3, "0", 1)                  = 1
313984 read(3, "0", 1)                  = 1
313984 read(3, "1", 1)                  = 1
313984 read(3, "1", 1)                  = 1
313984 read(3, "0", 1)                  = 1
313984 read(3, "0", 1)                  = 1
313984 read(3, "0", 1)                  = 1
313984 read(3, "0", 1)                  = 1
313984 read(3, "0", 1)                  = 1
313984 read(3, "0", 1)                  = 1
313984 read(3, "0", 1)                  = 1
313984 read(3, "0", 1)                  = 1
313984 read(3, "0", 1)                  = 1
313984 read(3, "0", 1)                  = 1
313984 read(3, "0", 1)                  = 1
313984 read(3, "1", 1)                  = 1
313984 read(3, " ", 1)                  = 1
313984 read(3, " ", 1)                  = 1
313984 read(3, " ", 1)                  = 1
313984 read(3, " ", 1)                  = 1
313984 read(3, " ", 1)                  = 1
313984 read(3, " ", 1)                  = 1
313984 read(3, " ", 1)                  = 1
313984 read(3, " ", 1)                  = 1
313984 read(3, " ", 1)                  = 1
313984 read(3, " ", 1)                  = 1
313984 read(3, " ", 1)                  = 1
313984 read(3, " ", 1)                  = 1
313984 read(3, " ", 1)                  = 1
313984 read(3, " ", 1)                  = 1
313984 read(3, " ", 1)                  = 1
313984 read(3, " ", 1)                  = 1
313984 read(3, " ", 1)                  = 1
313984 read(3, " ", 1)                  = 1
313984 read(3, " ", 1)                  = 1
313984 read(3, " ", 1)                  = 1
313984 read(3, " ", 1)                  = 1
313984 read(3, " ", 1)                  = 1
313984 read(3, " ", 1)                  = 1
313984 read(3, " ", 1)                  = 1
313984 read(3, "1", 1)                  = 1
313984 read(3, "0", 1)                  = 1
313984 read(3, "0", 1)                  = 1
313984 read(3, "0", 1)                  = 1
313984 read(3, "0", 1)                  = 1
313984 read(3, "0", 1)                  = 1
313984 read(3, "0", 1)                  = 1
313984 read(3, "0", 1)                  = 1
313984 read(3, "0", 1)                  = 1
313984 read(3, "0", 1)                  = 1
313984 read(3, "1", 1)                  = 1
313984 read(3, "\n", 1)                 = 1
313984 read(3, "1", 1)                  = 1
313984 read(3, "0", 1)                  = 1
313984 read(3, "1", 1)                  = 1
313984 read(3, "1", 1)                  = 1
313984 read(3, "0", 1)                  = 1
313984 read(3, "0", 1)                  = 1
313984 read(3, "0", 1)                  = 1
313984 read(3, "0", 1)                  = 1
313984 read(3, "0", 1)                  = 1
313984 read(3, "1", 1)                  = 1
313984 read(3, "1", 1)                  = 1
313984 read(3, "1", 1)                  = 1
313984 read(3, "0", 1)                  = 1
313984 read(3, "0", 1)                  = 1
313984 read(3, "0", 1)                  = 1
313984 read(3, "0", 1)                  = 1
313984 read(3, "0", 1)                  = 1
313984 read(3, "0", 1)                  = 1
313984 read(3, "0", 1)                  = 1
313984 read(3, "0", 1)                  = 1
313984 read(3, "0", 1)                  = 1
313984 read(3, "0", 1)                  = 1
313984 read(3, "0", 1)                  = 1
313984 read(3, "0", 1)                  = 1
313984 read(3, "1", 1)                  = 1
313984 read(3, " ", 1)                  = 1
313984 read(3, " ", 1)                  = 1
313984 read(3, " ", 1)                  = 1
313984 read(3, " ", 1)                  = 1
313984 read(3, " ", 1)                  = 1
313984 read(3, " ", 1)                  = 1
313984 read(3, " ", 1)                  = 1
313984 read(3, " ", 1)                  = 1
313984 read(3, " ", 1)                  = 1
313984 read(3, " ", 1)                  = 1
313984 read(3, " ", 1)                  = 1
313984 read(3, " ", 1)                  = 1
313984 read(3, " ", 1)                  = 1
313984 read(3, " ", 1)                  = 1
313984 read(3, " ", 1)                  = 1
313984 read(3, " ", 1)                  = 1
313984 read(3, " ", 1)                  = 1
313984 read(3, " ", 1)                  = 1
313984 read(3, " ", 1)                  = 1
313984 read(3, " ", 1)                  = 1
313984 read(3, " ", 1)                  = 1
313984 read(3, " ", 1)                  = 1
313984 read(3, " ", 1)                  = 1
313984 read(3, "1", 1)                  = 1
313984 read(3, "1", 1)                  = 1
313984 read(3, "1", 1)                  = 1
313984 read(3, "1", 1)                  = 1
313984 read(3, "1", 1)                  = 1
313984 read(3, "1", 1)                  = 1
313984 read(3, "1", 1)                  = 1
313984 read(3, "1", 1)                  = 1
313984 read(3, "1", 1)                  = 1
313984 read(3, "1", 1)                  = 1
313984 read(3, "1", 1)                  = 1
313984 read(3, "\n", 1)                 = 1
313984 read(3, "1", 1)                  = 1
313984 read(3, "1", 1)                  = 1
313984 read(3, "0", 1)                  = 1
313984 read(3, "1", 1)                  = 1
313984 read(3, "0", 1)                  = 1
313984 read(3, "0", 1)                  = 1
313984 read(3, "0", 1)                  = 1
313984 read(3, "0", 1)                  = 1
313984 read(3, "0", 1)                  = 1
313984 read(3, "0", 1)                  = 1
313984 read(3, "0", 1)                  = 1
313984 read(3, "0", 1)                  = 1
313984 read(3, "0", 1)                  = 1
313984 read(3, "0", 1)                  = 1
313984 read(3, "0", 1)                  = 1
313984 read(3, "0", 1)                  = 1
313984 read(3, "0", 1)                  = 1
313984 read(3, "0", 1)                  = 1
313984 read(3, "0", 1)                  = 1
313984 read(3, "0", 1)                  = 1
313984 read(3, "0", 1)                  = 1
313984 read(3, "0", 1)                  = 1
313984 read(3, "0", 1)                  = 1
313984 read(3, "0", 1)                  = 1
313984 read(3, "1", 1)                  = 1
313984 read(3, "1", 1)                  = 1
313984 read(3, "1", 1)                  = 1
313984 read(3, "1", 1)                  = 1
313984 read(3, "1", 1)                  = 1
313984 read(3, "1", 1)                  = 1
313984 read(3, "1", 1)                  = 1
313984 read(3, "1", 1)                  = 1
313984 read(3, "1", 1)                  = 1
313984 read(3, "\n", 1)                 = 1
313984 read(3, "1", 1)                  = 1
313984 read(3, "1", 1)                  = 1
313984 read(3, "1", 1)                  = 1
313984 read(3, "1", 1)                  = 1
313984 read(3, "1", 1)                  = 1
313984 read(3, "1", 1)                  = 1
313984 read(3, "1", 1)                  = 1
313984 read(3, "1", 1)                  = 1
313984 read(3, "1", 1)                  = 1
313984 read(3, "0", 1)                  = 1
313984 read(3, "1", 1)                  = 1
313984 read(3, "1", 1)                  = 1
313984 read(3, "0", 1)                  = 1
313984 read(3, "0", 1)                  = 1
313984 read(3, "0", 1)                  = 1
313984 read(3, "0", 1)                  = 1
313984 read(3, "0", 1)                  = 1
313984 read(3, "1", 1)                  = 1
313984 read(3, "1", 1)                  = 1
313984 read(3, "1", 1)                  = 1
313984 read(3, "0", 1)                  = 1
313984 read(3, "0", 1)                  = 1
313984 read(3, "0", 1)                  = 1
313984 read(3, "0", 1)                  = 1
313984 read(3, "0", 1)                  = 1
313984 read(3, "0", 1)                  = 1
313984 read(3, "0", 1)                  = 1
313984 read(3, "0", 1)                  = 1
313984 read(3, "0", 1)                  = 1
313984 read(3, "0", 1)                  = 1
313984 read(3, "0", 1)                  = 1
313984 read(3, "0", 1)                  = 1
313984 read(3, "1", 1)                  = 1
313984 read(3, "\n", 1)                 = 1
313984 read(3, "1", 1)                  = 1
313984 read(3, "0", 1)                  = 1
313984 read(3, "0", 1)                  = 1
313984 read(3, "0", 1)                  = 1
313984 read(3, "0", 1)                  = 1
313984 read(3, "0", 1)                  = 1
313984 read(3, "0", 1)                  = 1
313984 read(3, "0", 1)                  = 1
313984 read(3, "0", 1)                  = 1
313984 read(3, "0", 1)                  = 1
313984 read(3, "1", 1)                  = 1
313984 read(3, "1", 1)                  = 1
313984 read(3, "0", 1)                  = 1
313984 read(3, "0", 1)                  = 1
313984 read(3, "0", 1)                  = 1
313984 read(3, "0", 1)                  = 1
313984 read(3, "0", 1)                  = 1
313984 read(3, "1", 1)                  = 1
313984 read(3, "1", 1)                  = 1
313984 read(3, "1", 1)                  = 1
313984 read(3, "0", 1)                  = 1
313984 read(3, "1", 1)                  = 1
313984 read(3, "1", 1)                  = 1
313984 read(3, "1", 1)                  = 1
313984 read(3, "1", 1)                  = 1
313984 read(3, "1", 1)                  = 1
313984 read(3, "1", 1)                  = 1
313984 read(3, "1", 1)                  = 1
313984 read(3, "1", 1)                  = 1
313984 read(3, "1", 1)                  = 1
313984 read(3, "1", 1)                  = 1
313984 read(3, "1", 1)                  = 1
313984 read(3, "1", 1)                  = 1
313984 read(3, "\n", 1)                 = 1
313984 read(3, "1", 1)                  = 1
313984 read(3, "1", 1)                  = 1
313984 read(3, "1", 1)                  = 1
313984 read(3, "1", 1)                  = 1
313984 read(3, "0", 1)                  = 1
313984 read(3, "1", 1)                  = 1
313984 read(3, "1", 1)                  = 1
313984 read(3, "1", 1)                  = 1
313984 read(3, "1", 1)                  = 1
313984 read(3, "1", 1)                  = 1
313984 read(3, "1", 1)                  = 1
313984 read(3, "1", 1)                  = 1
313984 read(3, "1", 1)                  = 1
313984 read(3, "1", 1)                  = 1
313984 read(3, "0", 1)                  = 1
313984 read(3, "1", 1)                  = 1
313984 read(3, "1", 1)                  = 1
313984 read(3, "1", 1)                  = 1
313984 read(3, "0", 1)                  = 1
313984 read(3, "0", 1)                  = 1
313984 read(3, "0", 1)                  = 1
313984 read(3, "0", 1)                  = 1
313984 read(3, "0", 1)                  = 1
313984 read(3, "0", 1)                  = 1
313984 read(3, "1", 1)                  = 1
313984 read(3, "0", 1)                  = 1
313984 read(3, "0", 1)                  = 1
313984 read(3, "0", 1)                  = 1
313984 read(3, "1", 1)                  = 1
313984 read(3, "\n", 1)                 = 1
313984 read(3, "1", 1)                  = 1
313984 read(3, "1", 1)                  = 1
313984 read(3, "1", 1)                  = 1
313984 read(3, "1", 1)                  = 1
313984 read(3, "0", 1)                  = 1
313984 read(3, "1", 1)                  = 1
313984 read(3, "1", 1)                  = 1
313984 read(3, "1", 1)                  = 1
313984 read(3, "1", 1)                  = 1
313984 read(3, "1", 1)                  = 1
313984 read(3, "1", 1)                  = 1
313984 read(3, "1", 1)                  = 1
313984 read(3, "1", 1)                  = 1
313984 read(3, "1", 1)                  = 1
313984 read(3, "0", 1)                  = 1
313984 read(3, "1", 1)                  = 1
313984 read(3, "1", 1)                  = 1
313984 read(3, "1", 1)                  = 1
313984 read(3, "0", 1)                  = 1
313984 read(3, "1", 1)                  = 1
313984 read(3, "0", 1)                  = 1
313984 read(3, "1", 1)                  = 1
313984 read(3, "0", 1)                  = 1
313984 read(3, "0", 1)                  = 1
313984 read(3, "1", 1)                  = 1
313984 read(3, "0", 1)                  = 1
313984 read(3, "0", 1)                  = 1
313984 read(3, "0", 1)                  = 1
313984 read(3, "1", 1)                  = 1
313984 read(3, "\n", 1)                 = 1
313984 read(3, "1", 1)                  = 1
313984 read(3, "1", 1)                  = 1
313984 read(3, "0", 1)                  = 1
313984 read(3, "0", 1)                  = 1
313984 read(3, "0", 1)                  = 1
313984 read(3, "0", 1)                  = 1
313984 read(3, "0", 1)                  = 1
313984 read(3, "0", 1)                  = 1
313984 read(3, "1", 1)                  = 1
313984 read(3, "1", 1)                  = 1
313984 read(3, "0", 1)                  = 1
313984 read(3, "1", 1)                  = 1
313984 read(3, "0", 1)                  = 1
313984 read(3, "1", 1)                  = 1
313984 read(3, "0", 1)                  = 1
313984 read(3, "1", 1)                  = 1
313984 read(3, "1", 1)                  = 1
313984 read(3, "1", 1)                  = 1
313984 read(3, "0", 1)                  = 1
313984 read(3, "0", 1)                  = 1
313984 read(3, "0", 1)                  = 1
313984 read(3, "0", 1)                  = 1
313984 read(3, "0", 1)                  = 1
313984 read(3, "0", 1)                  = 1
313984 read(3, "1", 1)                  = 1
313984 read(3, "0", 1)                  = 1
313984 read(3, "0", 1)                  = 1
313984 read(3, "0", 1)                  = 1
313984 read(3, "1", 1)                  = 1
313984 read(3, "1", 1)                  = 1
313984 read(3, "1", 1)                  = 1
313984 read(3, "\n", 1)                 = 1
313984 read(3, "1", 1)                  = 1
313984 read(3, "0", 1)                  = 1
313984 read(3, "0", 1)                  = 1
313984 read(3, "0", 1)                  = 1
313984 read(3, "0", 1)                  = 1
313984 read(3, "0", 1)                  = 1
313984 read(3, "0", 1)                  = 1
313984 read(3, "0", 1)                  = 1
313984 read(3, "0", 1)                  = 1
313984 read(3, "0", 1)                  = 1
313984 read(3, "0", 1)                  = 1
313984 read(3, "0", 1)                  = 1
313984 read(3, "1", 1)                  = 1
313984 read(3, " ", 1)                  = 1
313984 read(3, " ", 1)                  = 1
313984 read(3, "1", 1)                  = 1
313984 read(3, "0", 1)                  = 1
313984 read(3, "0", 1)                  = 1
313984 read(3, "1", 1)                  = 1
313984 read(3, "1", 1)                  = 1
313984 read(3, "0", 1)                  = 1
313984 read(3, "0", 1)                  = 1
313984 read(3, "0", 1)                  = 1
313984 read(3, "0", 1)                  = 1
313984 read(3, "0", 1)                  = 1
313984 read(3, "0", 1)                  = 1
313984 read(3, "1", 1)                  = 1
313984 read(3, "0", 1)                  = 1
313984 read(3, "0", 1)                  = 1
313984 read(3, "0", 1)                  = 1
313984 read(3, "1", 1)                  = 1
313984 read(3, "\n", 1)                 = 1
313984 read(3, "1", 1)                  = 1
313984 read(3, "0", 1)                  = 1
313984 read(3, "0", 1)                  = 1
313984 read(3, "0", 1)                  = 1
313984 read(3, "0", 1)                  = 1
313984 read(3, "0", 1)                  = 1
313984 read(3, "0", 1)                  = 1
313984 read(3, "0", 1)                  = 1
313984 read(3, "0", 1)                  = 1
313984 read(3, "0", 1)                  = 1
313984 read(3, "0", 1)                  = 1
313984 read(3, "0", 1)                  = 1
313984 read(3, "0", 1)                  = 1
313984 read(3, "1", 1)                  = 1
313984 read(3, "0", 1)                  = 1
313984 read(3, "0", 1)                  = 1
313984 read(3, "0", 1)                  = 1
313984 read(3, "1", 1)                  = 1
313984 read(3, "0", 1)                  = 1
313984 read(3, "1", 1)                  = 1
313984 read(3, "0", 1)                  = 1
313984 read(3, "1", 1)                  = 1
313984 read(3, "0", 1)                  = 1
313984 read(3, "0", 1)                  = 1
313984 read(3, "1", 1)                  = 1
313984 read(3, "0", 1)                  = 1
313984 read(3, "N", 1)                  = 1
313984 read(3, "0", 1)                  = 1
313984 read(3, "1", 1)                  = 1
313984 read(3, "1", 1)                  = 1
313984 read(3, "1", 1)                  = 1
313984 read(3, "\n", 1)                 = 1
313984 read(3, "1", 1)                  = 1
313984 read(3, "1", 1)                  = 1
313984 read(3, "0", 1)                  = 1
313984 read(3, "0", 1)                  = 1
313984 read(3, "0", 1)                  = 1
313984 read(3, "0", 1)                  = 1
313984 read(3, "0", 1)                  = 1
313984 read(3, "1", 1)                  = 1
313984 read(3, "1", 1)                  = 1
313984 read(3, "1", 1)                  = 1
313984 read(3, "0", 1)                  = 1
313984 read(3, "1", 1)                  = 1
313984 read(3, "0", 1)                  = 1
313984 read(3, "1", 1)                  = 1
313984 read(3, "0", 1)                  = 1
313984 read(3, "1", 1)                  = 1
313984 read(3, "1", 1)                  = 1
313984 read(3, "1", 1)                  = 1
313984 read(3, "1", 1)                  = 1
313984 read(3, "1", 1)                  = 1
313984 read(3, "0", 1)                  = 1
313984 read(3, "1", 1)                  = 1
313984 read(3, "1", 1)                  = 1
313984 read(3, "1", 1)                  = 1
313984 read(3, "1", 1)                  = 1
313984 read(3, "0", 1)                  = 1
313984 read(3, "0", 1)                  = 1
313984 read(3, "0", 1)                  = 1
313984 read(3, "1", 1)                  = 1
313984 read(3, "1", 1)                  = 1
313984 read(3, "1", 1)                  = 1
313984 read(3, "\n", 1)                 = 1
313984 read(3, "1", 1)                  = 1
313984 read(3, "1", 1)                  = 1
313984 read(3, "1", 1)                  = 1
313984 read(3, "1", 1)                  = 1
313984 read(3, "0", 1)                  = 1
313984 read(3, "1", 1)                  = 1
313984 read(3, "1", 1)                  = 1
313984 read(3, "1", 1)                  = 1
313984 read(3, " ", 1)                  = 1
313984 read(3, "1", 1)                  = 1
313984 read(3, "1", 1)                  = 1
313984 read(3, "1", 1)                  = 1
313984 read(3, "0", 1)                  = 1
313984 read(3, "1", 1)                  = 1
313984 read(3, "0", 1)                  = 1
313984 read(3, "1", 1)                  = 1
313984 read(3, " ", 1)                  = 1
313984 read(3, "1", 1)                  = 1
313984 read(3, "0", 1)                  = 1
313984 read(3, "1", 1)                  = 1
313984 read(3, "1", 1)                  = 1
313984 read(3, "1", 1)                  = 1
313984 read(3, "1", 1)                  = 1
313984 read(3, "0", 1)                  = 1
313984 read(3, "1", 1)                  = 1
313984 read(3, "0", 1)                  = 1
313984 read(3, "0", 1)                  = 1
313984 read(3, "0", 1)                  = 1
313984 read(3, "1", 1)                  = 1
313984 read(3, "\n", 1)                 = 1
313984 read(3, "1", 1)                  = 1
313984 read(3, "1", 1)                  = 1
313984 read(3, "1", 1)                  = 1
313984 read(3, "1", 1)                  = 1
313984 read(3, "1", 1)                  = 1
313984 read(3, "1", 1)                  = 1
313984 read(3, "1", 1)                  = 1
313984 read(3, "1", 1)                  = 1
313984 read(3, " ", 1)                  = 1
313984 read(3, "1", 1)                  = 1
313984 read(3, "1", 1)                  = 1
313984 read(3, "1", 1)                  = 1
313984 read(3, "1", 1)                  = 1
313984 read(3, "1", 1)                  = 1
313984 read(3, "1", 1)                  = 1
313984 read(3, "1", 1)                  = 1
313984 read(3, " ", 1)                  = 1
313984 read(3, "1", 1)                  = 1
313984 read(3, "1", 1)                  = 1
313984 read(3, "1", 1)                  = 1
313984 read(3, "1", 1)                  = 1
313984 read(3, "1", 1)                  = 1
313984 read(3, "1", 1)                  = 1
313984 read(3, "1", 1)                  = 1
313984 read(3, "1", 1)                  = 1
313984 read(3, "1", 1)                  = 1
313984 read(3, "1", 1)                  = 1
313984 read(3, "1", 1)                  = 1
313984 read(3, "1", 1)                  = 1
313984 read(3, "\n", 1)                 = 1
313984 read(3, "", 1)                   = 0
313984 close(3)                         = 0
313984 write(2, "cub3D: malloc.c:2617: sysmalloc:"..., 218) = 218
313984 rt_sigprocmask(SIG_UNBLOCK, [ABRT], NULL, 8) = 0
313984 gettid()                         = 313984
313984 getpid()                         = 313984
313984 tgkill(313984, 313984, SIGABRT)  = 0
313984 --- SIGABRT {si_signo=SIGABRT, si_code=SI_TKILL, si_pid=313984, si_uid=113059} ---
313984 +++ killed by SIGABRT (core dumped) +++
